2025-05-31 20:51:11.560 | ERROR    | chunks_processor:process_message:113 - Erro ao receber mensagem: KafkaError{code=GROUP_AUTHORIZATION_FAILED,val=30,str="FindCoordinator response error: Group authorization failed."}
2025-05-31 20:51:11.636 | ERROR    | pdf_processor:process_message:107 - Erro ao receber mensagem: KafkaError{code=GROUP_AUTHORIZATION_FAILED,val=30,str="FindCoordinator response error: Group authorization failed."}
2025-05-31 21:07:21.586 | ERROR    | pdf_processor:process_message:107 - Erro ao receber mensagem: KafkaError{code=GROUP_AUTHORIZATION_FAILED,val=30,str="FindCoordinator response error: Group authorization failed."}
2025-05-31 21:07:21.648 | ERROR    | chunks_processor:process_message:113 - Erro ao receber mensagem: KafkaError{code=GROUP_AUTHORIZATION_FAILED,val=30,str="FindCoordinator response error: Group authorization failed."}
2025-05-31 21:12:20.650 | ERROR    | chunks_processor:process_message:113 - Erro ao receber mensagem: KafkaError{code=UNKNOWN_TOPIC_OR_PART,val=3,str="Subscribed topic not available: pdf_baixados: Broker: Unknown topic or partition"}
2025-05-31 21:15:35.538 | ERROR    | chunks_processor:process_message:113 - Erro ao receber mensagem: KafkaError{code=GROUP_AUTHORIZATION_FAILED,val=30,str="FindCoordinator response error: Group authorization failed."}
2025-05-31 21:15:35.539 | ERROR    | pdf_processor:process_message:107 - Erro ao receber mensagem: KafkaError{code=GROUP_AUTHORIZATION_FAILED,val=30,str="FindCoordinator response error: Group authorization failed."}
2025-05-31 21:20:34.479 | ERROR    | chunks_processor:process_message:113 - Erro ao receber mensagem: KafkaError{code=UNKNOWN_TOPIC_OR_PART,val=3,str="Subscribed topic not available: pdf_baixados: Broker: Unknown topic or partition"}
2025-05-31 21:35:20.829 | ERROR    | pdf_processor:process_message:107 - Erro ao receber mensagem: KafkaError{code=GROUP_AUTHORIZATION_FAILED,val=30,str="FindCoordinator response error: Group authorization failed."}
2025-05-31 21:35:20.829 | ERROR    | chunks_processor:process_message:113 - Erro ao receber mensagem: KafkaError{code=GROUP_AUTHORIZATION_FAILED,val=30,str="FindCoordinator response error: Group authorization failed."}
2025-05-31 21:40:19.678 | ERROR    | chunks_processor:process_message:113 - Erro ao receber mensagem: KafkaError{code=UNKNOWN_TOPIC_OR_PART,val=3,str="Subscribed topic not available: pdf_baixados: Broker: Unknown topic or partition"}
2025-05-31 21:42:04.060 | ERROR    | chunks_processor:process_message:113 - Erro ao receber mensagem: KafkaError{code=GROUP_AUTHORIZATION_FAILED,val=30,str="FindCoordinator response error: Group authorization failed."}
2025-05-31 21:42:04.092 | ERROR    | pdf_processor:process_message:107 - Erro ao receber mensagem: KafkaError{code=GROUP_AUTHORIZATION_FAILED,val=30,str="FindCoordinator response error: Group authorization failed."}
2025-05-31 21:45:34.880 | ERROR    | pdf_processor:process_message:106 - Erro na mensagem Kafka: KafkaError{code=GROUP_AUTHORIZATION_FAILED,val=30,str="FindCoordinator response error: Group authorization failed."}
2025-05-31 21:45:34.880 | ERROR    | pdf_processor:process_message:107 - Detalhes do erro: código=30, nome=GROUP_AUTHORIZATION_FAILED, descrição=FindCoordinator response error: Group authorization failed.
2025-05-31 21:45:34.880 | ERROR    | pdf_processor:process_message:171 - Erro ao processar mensagem: 'cimpl.Consumer' object has no attribute '_group_id'
2025-05-31 21:45:34.881 | ERROR    | pdf_processor:process_message:172 - Detalhes da mensagem: tópico=None, partição=0, offset=None
2025-05-31 21:45:34.994 | ERROR    | chunks_processor:process_message:112 - Erro na mensagem Kafka: KafkaError{code=GROUP_AUTHORIZATION_FAILED,val=30,str="FindCoordinator response error: Group authorization failed."}
2025-05-31 21:45:34.994 | ERROR    | chunks_processor:process_message:113 - Detalhes do erro: código=30, nome=GROUP_AUTHORIZATION_FAILED, descrição=FindCoordinator response error: Group authorization failed.
2025-05-31 21:45:34.995 | ERROR    | chunks_processor:process_message:173 - Erro ao processar mensagem: 'cimpl.Consumer' object has no attribute '_group_id'
2025-05-31 21:45:34.995 | ERROR    | chunks_processor:process_message:174 - Detalhes da mensagem: tópico=None, partição=0, offset=None
2025-05-31 21:47:00.681 | ERROR    | pdf_processor:process_message:106 - Erro na mensagem Kafka: KafkaError{code=GROUP_AUTHORIZATION_FAILED,val=30,str="FindCoordinator response error: Group authorization failed."}
2025-05-31 21:47:00.682 | ERROR    | pdf_processor:process_message:107 - Detalhes do erro: código=30, nome=GROUP_AUTHORIZATION_FAILED, descrição=FindCoordinator response error: Group authorization failed.
2025-05-31 21:47:00.682 | ERROR    | pdf_processor:process_message:174 - Erro ao processar mensagem: 'KafkaConfig' object has no attribute 'get_kafka_config'
2025-05-31 21:47:00.682 | ERROR    | pdf_processor:process_message:175 - Detalhes da mensagem: tópico=None, partição=0, offset=None
2025-05-31 21:47:00.719 | ERROR    | chunks_processor:process_message:112 - Erro na mensagem Kafka: KafkaError{code=GROUP_AUTHORIZATION_FAILED,val=30,str="FindCoordinator response error: Group authorization failed."}
2025-05-31 21:47:00.720 | ERROR    | chunks_processor:process_message:113 - Detalhes do erro: código=30, nome=GROUP_AUTHORIZATION_FAILED, descrição=FindCoordinator response error: Group authorization failed.
2025-05-31 21:47:00.720 | ERROR    | chunks_processor:process_message:176 - Erro ao processar mensagem: 'KafkaConfig' object has no attribute 'get_kafka_config'
2025-05-31 21:47:00.720 | ERROR    | chunks_processor:process_message:177 - Detalhes da mensagem: tópico=None, partição=0, offset=None
2025-05-31 21:49:51.002 | ERROR    | pdf_processor:process_message:106 - Erro na mensagem Kafka: KafkaError{code=GROUP_AUTHORIZATION_FAILED,val=30,str="FindCoordinator response error: Group authorization failed."}
2025-05-31 21:49:51.002 | ERROR    | chunks_processor:process_message:112 - Erro na mensagem Kafka: KafkaError{code=GROUP_AUTHORIZATION_FAILED,val=30,str="FindCoordinator response error: Group authorization failed."}
2025-05-31 21:49:51.003 | ERROR    | pdf_processor:process_message:107 - Detalhes do erro: código=30, nome=GROUP_AUTHORIZATION_FAILED, descrição=FindCoordinator response error: Group authorization failed.
2025-05-31 21:49:51.003 | ERROR    | chunks_processor:process_message:113 - Detalhes do erro: código=30, nome=GROUP_AUTHORIZATION_FAILED, descrição=FindCoordinator response error: Group authorization failed.
2025-05-31 21:49:51.003 | ERROR    | pdf_processor:process_message:174 - Erro ao processar mensagem: 'KafkaConfig' object has no attribute 'get_kafka_config'
2025-05-31 21:49:51.003 | ERROR    | chunks_processor:process_message:176 - Erro ao processar mensagem: 'KafkaConfig' object has no attribute 'get_kafka_config'
2025-05-31 21:49:51.003 | ERROR    | pdf_processor:process_message:175 - Detalhes da mensagem: tópico=None, partição=0, offset=None
2025-05-31 21:49:51.004 | ERROR    | chunks_processor:process_message:177 - Detalhes da mensagem: tópico=None, partição=0, offset=None
2025-05-31 21:51:31.427 | ERROR    | chunks_processor:process_message:112 - Erro na mensagem Kafka: KafkaError{code=UNKNOWN_TOPIC_OR_PART,val=3,str="Subscribed topic not available: pdf_baixados: Broker: Unknown topic or partition"}
2025-05-31 21:51:31.427 | ERROR    | chunks_processor:process_message:113 - Detalhes do erro: código=3, nome=UNKNOWN_TOPIC_OR_PART, descrição=Subscribed topic not available: pdf_baixados: Broker: Unknown topic or partition
2025-05-31 21:51:31.428 | ERROR    | chunks_processor:process_message:176 - Erro ao processar mensagem: 'KafkaConfig' object has no attribute 'get_kafka_config'
2025-05-31 21:51:31.428 | ERROR    | chunks_processor:process_message:177 - Detalhes da mensagem: tópico=pdf_baixados, partição=0, offset=None
2025-05-31 21:55:54.285 | ERROR    | chunks_processor:process_message:112 - Erro na mensagem Kafka: KafkaError{code=UNKNOWN_TOPIC_OR_PART,val=3,str="Subscribed topic not available: pdf_baixados: Broker: Unknown topic or partition"}
2025-05-31 21:55:54.285 | ERROR    | chunks_processor:process_message:113 - Detalhes do erro: código=3, nome=UNKNOWN_TOPIC_OR_PART, descrição=Subscribed topic not available: pdf_baixados: Broker: Unknown topic or partition
2025-05-31 21:55:54.286 | ERROR    | chunks_processor:process_message:117 - Configurações atuais: group.id=pdf-processor-group, client.id=kafka-client-b95e72b1-b9ed-42b3-afa5-50a87463fa1e
2025-05-31 22:11:26.664 | ERROR    | pdf_processor:process_message:124 - Erro ao processar mensagem: 'utf-8' codec can't decode byte 0x86 in position 3: invalid start byte
2025-05-31 22:15:09.320 | ERROR    | pdf_processor:process_message:139 - Erro ao decodificar mensagem JSON: Expecting value: line 1 column 1 (char 0)
2025-05-31 22:17:29.558 | ERROR    | pdf_processor:process_message:157 - Erro ao processar PDF https://www.gov.br/saude/pt-br/assuntos/pcdt/h/hepatite-b-e-coinfeccoes/@@download/file: no value and no default for id
2025-05-31 22:19:41.075 | ERROR    | chunks_processor:process_message:130 - Erro ao processar mensagem: 'utf-8' codec can't decode byte 0x86 in position 3: invalid start byte
